# JRE version: OpenJDK Runtime Environment (8.0_212-b04) (build 1.8.0_212-release-1586-b04)
# Java VM: OpenJDK 64-Bit Server VM (25.212-b04 mixed mode windows-amd64 compressed oops)
Heap:
 PSYoungGen      total 133632K, used 37855K [0x00000000f5580000, 0x0000000100000000, 0x0000000100000000)
  eden space 102912K, 9% used [0x00000000f5580000,0x00000000f5f076d0,0x00000000fba00000)
  from space 30720K, 91% used [0x00000000fe200000,0x00000000ffd70860,0x0000000100000000)
  to   space 35840K, 0% used [0x00000000fba00000,0x00000000fba00000,0x00000000fdd00000)
 ParOldGen       total 219648K, used 63554K [0x00000000e0000000, 0x00000000ed680000, 0x00000000f5580000)
  object space 219648K, 28% used [0x00000000e0000000,0x00000000e3e10b28,0x00000000ed680000)
 Metaspace       used 88156K, capacity 92662K, committed 92800K, reserved 1130496K
  class space    used 11716K, capacity 12588K, committed 12672K, reserved 1048576K
GC Heap History (10 events):
Event: 20.822 GC heap before
{Heap before GC invocations=17 (full 3):
 PSYoungGen      total 150016K, used 149609K [0x00000000f5580000, 0x0000000100000000, 0x0000000100000000)
  eden space 131584K, 100% used [0x00000000f5580000,0x00000000fd600000,0x00000000fd600000)
  from space 18432K, 97% used [0x00000000fd600000,0x00000000fe79a620,0x00000000fe800000)
  to   space 22528K, 0% used [0x00000000fea00000,0x00000000fea00000,0x0000000100000000)
 ParOldGen       total 219648K, used 28729K [0x00000000e0000000, 0x00000000ed680000, 0x00000000f5580000)
  object space 219648K, 13% used [0x00000000e0000000,0x00000000e1c0e588,0x00000000ed680000)
 Metaspace       used 79560K, capacity 83346K, committed 83456K, reserved 1122304K
  class space    used 10712K, capacity 11446K, committed 11520K, reserved 1048576K
Event: 20.835 GC heap after
Heap after GC invocations=17 (full 3):
 PSYoungGen      total 142848K, used 22526K [0x00000000f5580000, 0x0000000100000000, 0x0000000100000000)
  eden space 120320K, 0% used [0x00000000f5580000,0x00000000f5580000,0x00000000fcb00000)
  from space 22528K, 99% used [0x00000000fea00000,0x00000000fffffbc8,0x0000000100000000)
  to   space 27136K, 0% used [0x00000000fcb00000,0x00000000fcb00000,0x00000000fe580000)
 ParOldGen       total 219648K, used 33342K [0x00000000e0000000, 0x00000000ed680000, 0x00000000f5580000)
  object space 219648K, 15% used [0x00000000e0000000,0x00000000e208f958,0x00000000ed680000)
 Metaspace       used 79560K, capacity 83346K, committed 83456K, reserved 1122304K
  class space    used 10712K, capacity 11446K, committed 11520K, reserved 1048576K
}
Event: 466.915 GC heap before
{Heap before GC invocations=18 (full 3):
 PSYoungGen      total 142848K, used 142846K [0x00000000f5580000, 0x0000000100000000, 0x0000000100000000)
  eden space 120320K, 100% used [0x00000000f5580000,0x00000000fcb00000,0x00000000fcb00000)
  from space 22528K, 99% used [0x00000000fea00000,0x00000000fffffbc8,0x0000000100000000)
  to   space 27136K, 0% used [0x00000000fcb00000,0x00000000fcb00000,0x00000000fe580000)
 ParOldGen       total 219648K, used 33342K [0x00000000e0000000, 0x00000000ed680000, 0x00000000f5580000)
  object space 219648K, 15% used [0x00000000e0000000,0x00000000e208f958,0x00000000ed680000)
 Metaspace       used 87051K, capacity 91460K, committed 91648K, reserved 1128448K
  class space    used 11675K, capacity 12515K, committed 12544K, reserved 1048576K
Event: 466.929 GC heap after
Heap after GC invocations=18 (full 3):
 PSYoungGen      total 132096K, used 13818K [0x00000000f5580000, 0x00000000ffb00000, 0x0000000100000000)
  eden space 118272K, 0% used [0x00000000f5580000,0x00000000f5580000,0x00000000fc900000)
  from space 13824K, 99% used [0x00000000fcb00000,0x00000000fd87e878,0x00000000fd880000)
  to   space 25600K, 0% used [0x00000000fe200000,0x00000000fe200000,0x00000000ffb00000)
 ParOldGen       total 219648K, used 44425K [0x00000000e0000000, 0x00000000ed680000, 0x00000000f5580000)
  object space 219648K, 20% used [0x00000000e0000000,0x00000000e2b62488,0x00000000ed680000)
 Metaspace       used 87051K, capacity 91460K, committed 91648K, reserved 1128448K
  class space    used 11675K, capacity 12515K, committed 12544K, reserved 1048576K
}
Event: 467.664 GC heap before
{Heap before GC invocations=19 (full 3):
 PSYoungGen      total 132096K, used 132090K [0x00000000f5580000, 0x00000000ffb00000, 0x0000000100000000)
  eden space 118272K, 100% used [0x00000000f5580000,0x00000000fc900000,0x00000000fc900000)
  from space 13824K, 99% used [0x00000000fcb00000,0x00000000fd87e878,0x00000000fd880000)
  to   space 25600K, 0% used [0x00000000fe200000,0x00000000fe200000,0x00000000ffb00000)
 ParOldGen       total 219648K, used 44425K [0x00000000e0000000, 0x00000000ed680000, 0x00000000f5580000)
  object space 219648K, 20% used [0x00000000e0000000,0x00000000e2b62488,0x00000000ed680000)
 Metaspace       used 87416K, capacity 91840K, committed 91904K, reserved 1128448K
  class space    used 11681K, capacity 12525K, committed 12544K, reserved 1048576K
Event: 467.684 GC heap after
Heap after GC invocations=19 (full 3):
 PSYoungGen      total 144384K, used 14449K [0x00000000f5580000, 0x0000000100000000, 0x0000000100000000)
  eden space 118784K, 0% used [0x00000000f5580000,0x00000000f5580000,0x00000000fc980000)
  from space 25600K, 56% used [0x00000000fe200000,0x00000000ff01c788,0x00000000ffb00000)
  to   space 25088K, 0% used [0x00000000fc980000,0x00000000fc980000,0x00000000fe200000)
 ParOldGen       total 219648K, used 44433K [0x00000000e0000000, 0x00000000ed680000, 0x00000000f5580000)
  object space 219648K, 20% used [0x00000000e0000000,0x00000000e2b64488,0x00000000ed680000)
 Metaspace       used 87416K, capacity 91840K, committed 91904K, reserved 1128448K
  class space    used 11681K, capacity 12525K, committed 12544K, reserved 1048576K
}
Event: 469.328 GC heap before
{Heap before GC invocations=20 (full 3):
 PSYoungGen      total 144384K, used 133233K [0x00000000f5580000, 0x0000000100000000, 0x0000000100000000)
  eden space 118784K, 100% used [0x00000000f5580000,0x00000000fc980000,0x00000000fc980000)
  from space 25600K, 56% used [0x00000000fe200000,0x00000000ff01c788,0x00000000ffb00000)
  to   space 25088K, 0% used [0x00000000fc980000,0x00000000fc980000,0x00000000fe200000)
 ParOldGen       total 219648K, used 44433K [0x00000000e0000000, 0x00000000ed680000, 0x00000000f5580000)
  object space 219648K, 20% used [0x00000000e0000000,0x00000000e2b64488,0x00000000ed680000)
 Metaspace       used 87601K, capacity 92044K, committed 92160K, reserved 1128448K
  class space    used 11684K, capacity 12527K, committed 12544K, reserved 1048576K
Event: 469.348 GC heap after
Heap after GC invocations=20 (full 3):
 PSYoungGen      total 143872K, used 25086K [0x00000000f5580000, 0x0000000100000000, 0x0000000100000000)
  eden space 118784K, 0% used [0x00000000f5580000,0x00000000f5580000,0x00000000fc980000)
  from space 25088K, 99% used [0x00000000fc980000,0x00000000fe1ffab8,0x00000000fe200000)
  to   space 30720K, 0% used [0x00000000fe200000,0x00000000fe200000,0x0000000100000000)
 ParOldGen       total 219648K, used 58544K [0x00000000e0000000, 0x00000000ed680000, 0x00000000f5580000)
  object space 219648K, 26% used [0x00000000e0000000,0x00000000e392c038,0x00000000ed680000)
 Metaspace       used 87601K, capacity 92044K, committed 92160K, reserved 1128448K
  class space    used 11684K, capacity 12527K, committed 12544K, reserved 1048576K
}
Event: 508.450 GC heap before
{Heap before GC invocations=21 (full 3):
 PSYoungGen      total 143872K, used 142314K [0x00000000f5580000, 0x0000000100000000, 0x0000000100000000)
  eden space 118784K, 98% used [0x00000000f5580000,0x00000000fc7fb0f8,0x00000000fc980000)
  from space 25088K, 99% used [0x00000000fc980000,0x00000000fe1ffab8,0x00000000fe200000)
  to   space 30720K, 0% used [0x00000000fe200000,0x00000000fe200000,0x0000000100000000)
 ParOldGen       total 219648K, used 58544K [0x00000000e0000000, 0x00000000ed680000, 0x00000000f5580000)
  object space 219648K, 26% used [0x00000000e0000000,0x00000000e392c038,0x00000000ed680000)
 Metaspace       used 88153K, capacity 92662K, committed 92800K, reserved 1130496K
  class space    used 11716K, capacity 12588K, committed 12672K, reserved 1048576K
Event: 508.472 GC heap after
Heap after GC invocations=21 (full 3):
 PSYoungGen      total 133632K, used 28098K [0x00000000f5580000, 0x0000000100000000, 0x0000000100000000)
  eden space 102912K, 0% used [0x00000000f5580000,0x00000000f5580000,0x00000000fba00000)
  from space 30720K, 91% used [0x00000000fe200000,0x00000000ffd70860,0x0000000100000000)
  to   space 35840K, 0% used [0x00000000fba00000,0x00000000fba00000,0x00000000fdd00000)
 ParOldGen       total 219648K, used 63554K [0x00000000e0000000, 0x00000000ed680000, 0x00000000f5580000)
  object space 219648K, 28% used [0x00000000e0000000,0x00000000e3e10b28,0x00000000ed680000)
 Metaspace       used 88153K, capacity 92662K, committed 92800K, reserved 1130496K
  class space    used 11716K, capacity 12588K, committed 12672K, reserved 1048576K
}

